<?xml version="1.0" encoding="UTF-8"?>
<testsuite xmlns:xsi="http://www.w3.org/2001/XMLSchema-instance" xsi:noNamespaceSchemaLocation="https://maven.apache.org/surefire/maven-surefire-plugin/xsd/surefire-test-report-3.0.xsd" version="3.0" name="cucumber.Options.TestRunner" time="14.37" tests="5" errors="0" skipped="0" failures="0">
  <properties>
    <property name="java.specification.version" value="21"/>
    <property name="sun.cpu.isalist" value="amd64"/>
    <property name="sun.jnu.encoding" value="Cp1252"/>
    <property name="java.class.path" value="C:\Users\gopik\eclipse-workspace\E2E_Framework\target\test-classes;C:\Users\gopik\eclipse-workspace\E2E_Framework\target\classes;C:\Users\gopik\.m2\repository\io\rest-assured\rest-assured\5.5.0\rest-assured-5.5.0.jar;C:\Users\gopik\.m2\repository\org\apache\groovy\groovy-xml\4.0.22\groovy-xml-4.0.22.jar;C:\Users\gopik\.m2\repository\org\apache\httpcomponents\httpclient\4.5.13\httpclient-4.5.13.jar;C:\Users\gopik\.m2\repository\org\apache\httpcomponents\httpcore\4.4.13\httpcore-4.4.13.jar;C:\Users\gopik\.m2\repository\commons-logging\commons-logging\1.2\commons-logging-1.2.jar;C:\Users\gopik\.m2\repository\commons-codec\commons-codec\1.11\commons-codec-1.11.jar;C:\Users\gopik\.m2\repository\org\apache\httpcomponents\httpmime\4.5.13\httpmime-4.5.13.jar;C:\Users\gopik\.m2\repository\org\ccil\cowan\tagsoup\tagsoup\1.2.1\tagsoup-1.2.1.jar;C:\Users\gopik\.m2\repository\io\rest-assured\json-path\5.5.0\json-path-5.5.0.jar;C:\Users\gopik\.m2\repository\org\apache\groovy\groovy-json\4.0.22\groovy-json-4.0.22.jar;C:\Users\gopik\.m2\repository\io\rest-assured\rest-assured-common\5.5.0\rest-assured-common-5.5.0.jar;C:\Users\gopik\.m2\repository\io\rest-assured\xml-path\5.5.0\xml-path-5.5.0.jar;C:\Users\gopik\.m2\repository\org\apache\commons\commons-lang3\3.11\commons-lang3-3.11.jar;C:\Users\gopik\.m2\repository\org\hamcrest\hamcrest\3.0\hamcrest-3.0.jar;C:\Users\gopik\.m2\repository\org\json\json\20210307\json-20210307.jar;C:\Users\gopik\.m2\repository\com\fasterxml\jackson\core\jackson-databind\2.18.1\jackson-databind-2.18.1.jar;C:\Users\gopik\.m2\repository\com\fasterxml\jackson\core\jackson-annotations\2.18.1\jackson-annotations-2.18.1.jar;C:\Users\gopik\.m2\repository\com\fasterxml\jackson\core\jackson-core\2.18.1\jackson-core-2.18.1.jar;C:\Users\gopik\.m2\repository\org\apache\groovy\groovy\4.0.23\groovy-4.0.23.jar;C:\Users\gopik\.m2\repository\io\cucumber\cucumber-java\7.20.1\cucumber-java-7.20.1.jar;C:\Users\gopik\.m2\repository\io\cucumber\cucumber-core\7.20.1\cucumber-core-7.20.1.jar;C:\Users\gopik\.m2\repository\io\cucumber\cucumber-gherkin\7.20.1\cucumber-gherkin-7.20.1.jar;C:\Users\gopik\.m2\repository\io\cucumber\cucumber-gherkin-messages\7.20.1\cucumber-gherkin-messages-7.20.1.jar;C:\Users\gopik\.m2\repository\io\cucumber\gherkin\28.0.0\gherkin-28.0.0.jar;C:\Users\gopik\.m2\repository\io\cucumber\messages\24.1.0\messages-24.1.0.jar;C:\Users\gopik\.m2\repository\io\cucumber\testng-xml-formatter\0.2.0\testng-xml-formatter-0.2.0.jar;C:\Users\gopik\.m2\repository\io\cucumber\query\12.2.0\query-12.2.0.jar;C:\Users\gopik\.m2\repository\io\cucumber\tag-expressions\6.1.0\tag-expressions-6.1.0.jar;C:\Users\gopik\.m2\repository\io\cucumber\cucumber-expressions\17.1.0\cucumber-expressions-17.1.0.jar;C:\Users\gopik\.m2\repository\io\cucumber\datatable\7.20.1\datatable-7.20.1.jar;C:\Users\gopik\.m2\repository\io\cucumber\cucumber-plugin\7.20.1\cucumber-plugin-7.20.1.jar;C:\Users\gopik\.m2\repository\io\cucumber\docstring\7.20.1\docstring-7.20.1.jar;C:\Users\gopik\.m2\repository\io\cucumber\html-formatter\21.7.0\html-formatter-21.7.0.jar;C:\Users\gopik\.m2\repository\io\cucumber\junit-xml-formatter\0.5.0\junit-xml-formatter-0.5.0.jar;C:\Users\gopik\.m2\repository\io\cucumber\ci-environment\10.0.1\ci-environment-10.0.1.jar;C:\Users\gopik\.m2\repository\org\apiguardian\apiguardian-api\1.1.2\apiguardian-api-1.1.2.jar;C:\Users\gopik\.m2\repository\io\cucumber\cucumber-junit\7.20.1\cucumber-junit-7.20.1.jar;C:\Users\gopik\.m2\repository\junit\junit\4.13.1\junit-4.13.1.jar;C:\Users\gopik\.m2\repository\org\hamcrest\hamcrest-core\1.3\hamcrest-core-1.3.jar;"/>
    <property name="java.vm.vendor" value="Oracle Corporation"/>
    <property name="sun.arch.data.model" value="64"/>
    <property name="user.variant" value=""/>
    <property name="java.vendor.url" value="https://java.oracle.com/"/>
    <property name="user.timezone" value="America/New_York"/>
    <property name="os.name" value="Windows 11"/>
    <property name="java.vm.specification.version" value="21"/>
    <property name="sun.java.launcher" value="SUN_STANDARD"/>
    <property name="user.country" value="US"/>
    <property name="sun.boot.library.path" value="C:\Program Files\Java\jdk-21\bin"/>
    <property name="sun.java.command" value="C:\Users\gopik\AppData\Local\Temp\surefire14031981102124518064\surefirebooter-20250211005039060_3.jar C:\Users\gopik\AppData\Local\Temp\surefire14031981102124518064 2025-02-11T00-50-38_292-jvmRun1 surefire-20250211005039060_1tmp surefire_0-20250211005039060_2tmp"/>
    <property name="jdk.debug" value="release"/>
    <property name="surefire.test.class.path" value="C:\Users\gopik\eclipse-workspace\E2E_Framework\target\test-classes;C:\Users\gopik\eclipse-workspace\E2E_Framework\target\classes;C:\Users\gopik\.m2\repository\io\rest-assured\rest-assured\5.5.0\rest-assured-5.5.0.jar;C:\Users\gopik\.m2\repository\org\apache\groovy\groovy-xml\4.0.22\groovy-xml-4.0.22.jar;C:\Users\gopik\.m2\repository\org\apache\httpcomponents\httpclient\4.5.13\httpclient-4.5.13.jar;C:\Users\gopik\.m2\repository\org\apache\httpcomponents\httpcore\4.4.13\httpcore-4.4.13.jar;C:\Users\gopik\.m2\repository\commons-logging\commons-logging\1.2\commons-logging-1.2.jar;C:\Users\gopik\.m2\repository\commons-codec\commons-codec\1.11\commons-codec-1.11.jar;C:\Users\gopik\.m2\repository\org\apache\httpcomponents\httpmime\4.5.13\httpmime-4.5.13.jar;C:\Users\gopik\.m2\repository\org\ccil\cowan\tagsoup\tagsoup\1.2.1\tagsoup-1.2.1.jar;C:\Users\gopik\.m2\repository\io\rest-assured\json-path\5.5.0\json-path-5.5.0.jar;C:\Users\gopik\.m2\repository\org\apache\groovy\groovy-json\4.0.22\groovy-json-4.0.22.jar;C:\Users\gopik\.m2\repository\io\rest-assured\rest-assured-common\5.5.0\rest-assured-common-5.5.0.jar;C:\Users\gopik\.m2\repository\io\rest-assured\xml-path\5.5.0\xml-path-5.5.0.jar;C:\Users\gopik\.m2\repository\org\apache\commons\commons-lang3\3.11\commons-lang3-3.11.jar;C:\Users\gopik\.m2\repository\org\hamcrest\hamcrest\3.0\hamcrest-3.0.jar;C:\Users\gopik\.m2\repository\org\json\json\20210307\json-20210307.jar;C:\Users\gopik\.m2\repository\com\fasterxml\jackson\core\jackson-databind\2.18.1\jackson-databind-2.18.1.jar;C:\Users\gopik\.m2\repository\com\fasterxml\jackson\core\jackson-annotations\2.18.1\jackson-annotations-2.18.1.jar;C:\Users\gopik\.m2\repository\com\fasterxml\jackson\core\jackson-core\2.18.1\jackson-core-2.18.1.jar;C:\Users\gopik\.m2\repository\org\apache\groovy\groovy\4.0.23\groovy-4.0.23.jar;C:\Users\gopik\.m2\repository\io\cucumber\cucumber-java\7.20.1\cucumber-java-7.20.1.jar;C:\Users\gopik\.m2\repository\io\cucumber\cucumber-core\7.20.1\cucumber-core-7.20.1.jar;C:\Users\gopik\.m2\repository\io\cucumber\cucumber-gherkin\7.20.1\cucumber-gherkin-7.20.1.jar;C:\Users\gopik\.m2\repository\io\cucumber\cucumber-gherkin-messages\7.20.1\cucumber-gherkin-messages-7.20.1.jar;C:\Users\gopik\.m2\repository\io\cucumber\gherkin\28.0.0\gherkin-28.0.0.jar;C:\Users\gopik\.m2\repository\io\cucumber\messages\24.1.0\messages-24.1.0.jar;C:\Users\gopik\.m2\repository\io\cucumber\testng-xml-formatter\0.2.0\testng-xml-formatter-0.2.0.jar;C:\Users\gopik\.m2\repository\io\cucumber\query\12.2.0\query-12.2.0.jar;C:\Users\gopik\.m2\repository\io\cucumber\tag-expressions\6.1.0\tag-expressions-6.1.0.jar;C:\Users\gopik\.m2\repository\io\cucumber\cucumber-expressions\17.1.0\cucumber-expressions-17.1.0.jar;C:\Users\gopik\.m2\repository\io\cucumber\datatable\7.20.1\datatable-7.20.1.jar;C:\Users\gopik\.m2\repository\io\cucumber\cucumber-plugin\7.20.1\cucumber-plugin-7.20.1.jar;C:\Users\gopik\.m2\repository\io\cucumber\docstring\7.20.1\docstring-7.20.1.jar;C:\Users\gopik\.m2\repository\io\cucumber\html-formatter\21.7.0\html-formatter-21.7.0.jar;C:\Users\gopik\.m2\repository\io\cucumber\junit-xml-formatter\0.5.0\junit-xml-formatter-0.5.0.jar;C:\Users\gopik\.m2\repository\io\cucumber\ci-environment\10.0.1\ci-environment-10.0.1.jar;C:\Users\gopik\.m2\repository\org\apiguardian\apiguardian-api\1.1.2\apiguardian-api-1.1.2.jar;C:\Users\gopik\.m2\repository\io\cucumber\cucumber-junit\7.20.1\cucumber-junit-7.20.1.jar;C:\Users\gopik\.m2\repository\junit\junit\4.13.1\junit-4.13.1.jar;C:\Users\gopik\.m2\repository\org\hamcrest\hamcrest-core\1.3\hamcrest-core-1.3.jar;"/>
    <property name="sun.cpu.endian" value="little"/>
    <property name="user.home" value="C:\Users\gopik"/>
    <property name="user.language" value="en"/>
    <property name="java.specification.vendor" value="Oracle Corporation"/>
    <property name="java.version.date" value="2025-01-21"/>
    <property name="java.home" value="C:\Program Files\Java\jdk-21"/>
    <property name="file.separator" value="\"/>
    <property name="basedir" value="C:\Users\gopik\eclipse-workspace\E2E_Framework"/>
    <property name="java.vm.compressedOopsMode" value="32-bit"/>
    <property name="line.separator" value="&#10;"/>
    <property name="java.vm.specification.vendor" value="Oracle Corporation"/>
    <property name="java.specification.name" value="Java Platform API Specification"/>
    <property name="surefire.real.class.path" value="C:\Users\gopik\AppData\Local\Temp\surefire14031981102124518064\surefirebooter-20250211005039060_3.jar"/>
    <property name="user.script" value=""/>
    <property name="sun.management.compiler" value="HotSpot 64-Bit Tiered Compilers"/>
    <property name="java.runtime.version" value="21.0.6+8-LTS-188"/>
    <property name="user.name" value="gopik"/>
    <property name="stdout.encoding" value="Cp1252"/>
    <property name="path.separator" value=";"/>
    <property name="os.version" value="10.0"/>
    <property name="java.runtime.name" value="Java(TM) SE Runtime Environment"/>
    <property name="file.encoding" value="UTF-8"/>
    <property name="java.vm.name" value="Java HotSpot(TM) 64-Bit Server VM"/>
    <property name="localRepository" value="C:\Users\gopik\.m2\repository"/>
    <property name="java.vendor.url.bug" value="https://bugreport.java.com/bugreport/"/>
    <property name="java.io.tmpdir" value="C:\Users\gopik\AppData\Local\Temp\"/>
    <property name="java.version" value="21.0.6"/>
    <property name="user.dir" value="C:\Users\gopik\eclipse-workspace\E2E_Framework"/>
    <property name="os.arch" value="amd64"/>
    <property name="java.vm.specification.name" value="Java Virtual Machine Specification"/>
    <property name="sun.os.patch.level" value=""/>
    <property name="native.encoding" value="Cp1252"/>
    <property name="java.library.path" value="C:\Program Files\Java\jdk-21\bin;C:\WINDOWS\Sun\Java\bin;C:\WINDOWS\system32;C:\WINDOWS;C:\WINDOWS\system32;C:\WINDOWS;C:\WINDOWS\System32\Wbem;C:\WINDOWS\System32\WindowsPowerShell\v1.0\;C:\WINDOWS\System32\OpenSSH\;C:\Program Files\nodejs\;C:\Program Files\apache-maven-3.9.9-bin\apache-maven-3.9.9\bin;C:\Program Files\Java\jdk-21\bin;C:\Program Files\Git\cmd;C:\Users\gopik\AppData\Local\Microsoft\WindowsApps;C:\Program Files\JetBrains\PyCharm Community Edition 2022.1.4\bin;;C:\Users\gopik\AppData\Local\Programs\Microsoft VS Code\bin;C:\Users\gopik\AppData\Roaming\npm;C:\Program Files\Java\jdk-21\bin;;."/>
    <property name="java.vm.info" value="mixed mode, sharing"/>
    <property name="stderr.encoding" value="Cp1252"/>
    <property name="java.vendor" value="Oracle Corporation"/>
    <property name="java.vm.version" value="21.0.6+8-LTS-188"/>
    <property name="sun.io.unicode.encoding" value="UnicodeLittle"/>
    <property name="java.class.version" value="65.0"/>
  </properties>
  <testcase name="Get all Categories" classname="Validating Ecom API;s" time="8.785">
    <system-out><![CDATA[HTTP/1.1 200 OK
Server: Cowboy
Report-To: {"group":"heroku-nel","max_age":3600,"endpoints":[{"url":"https://nel.heroku.com/reports?ts=1739253049&sid=c46efe9b-d3d2-4a0c-8c76-bfafa16c5add&s=9iKcBcZ4jti7tXGaBC379BdDAMnHdlQdBbwNQiIK1sE%3D"}]}
Reporting-Endpoints: heroku-nel=https://nel.heroku.com/reports?ts=1739253049&sid=c46efe9b-d3d2-4a0c-8c76-bfafa16c5add&s=9iKcBcZ4jti7tXGaBC379BdDAMnHdlQdBbwNQiIK1sE%3D
Nel: {"report_to":"heroku-nel","max_age":3600,"success_fraction":0.005,"failure_fraction":0.05,"response_headers":["Via"]}
Connection: keep-alive
X-Powered-By: Express
Access-Control-Allow-Origin: *
Content-Type: application/json; charset=utf-8
Content-Length: 3376
Etag: W/"d30-tmvkKol+ZZZ1V6x2gFzLuGJNOJ0"
Date: Tue, 11 Feb 2025 05:50:49 GMT
Via: 1.1 vegur

[
    {
        "id": 1,
        "name": "Clothes",
        "image": "https://i.imgur.com/QkIa5tT.jpeg",
        "creationAt": "2025-02-10T16:50:00.000Z",
        "updatedAt": "2025-02-10T16:50:00.000Z"
    },
    {
        "id": 2,
        "name": "Celana Merah",
        "image": "https://iili.io/dAyUpkJ.jpg",
        "creationAt": "2025-02-10T16:50:00.000Z",
        "updatedAt": "2025-02-11T03:13:12.000Z"
    },
    {
        "id": 3,
        "name": "aaa",
        "image": "https://i.imgur.com/Qphac99.jpeg",
        "creationAt": "2025-02-10T16:50:00.000Z",
        "updatedAt": "2025-02-11T00:16:12.000Z"
    },
    {
        "id": 4,
        "name": "Shoes",
        "image": "https://i.imgur.com/qNOjJje.jpeg",
        "creationAt": "2025-02-10T16:50:00.000Z",
        "updatedAt": "2025-02-10T16:50:00.000Z"
    },
    {
        "id": 5,
        "name": "Miscellaneous",
        "image": "https://i.imgur.com/BG8J0Fj.jpg",
        "creationAt": "2025-02-10T16:50:00.000Z",
        "updatedAt": "2025-02-10T16:50:00.000Z"
    },
    {
        "id": 6,
        "name": "Testing Category",
        "image": "https://placeimg.com/640/480/any",
        "creationAt": "2025-02-10T17:01:36.000Z",
        "updatedAt": "2025-02-10T17:01:36.000Z"
    },
    {
        "id": 9,
        "name": "Rugs",
        "image": "https://www.ikea.com/us/en/images/products/stoense-rug-low-pile-off-white__0893623_pe710401_s5.jpg?f=xl",
        "creationAt": "2025-02-10T19:49:16.000Z",
        "updatedAt": "2025-02-10T19:49:16.000Z"
    },
    {
        "id": 16,
        "name": "string",
        "image": "https://pravatar.cc/",
        "creationAt": "2025-02-10T22:00:49.000Z",
        "updatedAt": "2025-02-10T22:00:49.000Z"
    },
    {
        "id": 18,
        "name": "blush",
        "image": "https://sdcdn.io/mac/ae/mac_sku_M22011_1x1_0.png?width=1080&height=1080",
        "creationAt": "2025-02-10T22:01:47.000Z",
        "updatedAt": "2025-02-10T22:01:47.000Z"
    },
    {
        "id": 23,
        "name": "Carnes",
        "image": "https://i.imgur.com/QkIa5tT.jpeg",
        "creationAt": "2025-02-10T23:18:31.000Z",
        "updatedAt": "2025-02-10T23:18:31.000Z"
    },
    {
        "id": 43,
        "name": "tablets",
        "image": "tablet.png",
        "creationAt": "2025-02-11T00:20:38.000Z",
        "updatedAt": "2025-02-11T00:20:38.000Z"
    },
    {
        "id": 45,
        "name": "hoal",
        "image": "https://club.involves.com/es/wp-content/uploads/2019/06/Header-Blog-Info-Ponto-Extra.png",
        "creationAt": "2025-02-11T01:01:26.000Z",
        "updatedAt": "2025-02-11T04:15:21.000Z"
    },
    {
        "id": 47,
        "name": "HumanosComoElAdrian",
        "image": "https://uvn-brightspot.s3.amazonaws.com/assets/vixes/btg/curiosidades.batanga.com/files/Por-que-los-humanos-tenemos-rostros-tan-diferentes-1.jpg",
        "creationAt": "2025-02-11T01:15:04.000Z",
        "updatedAt": "2025-02-11T01:15:04.000Z"
    },
    {
        "id": 48,
        "name": "Royal Items",
        "image": "https://i.imgur.com/QkIa5tT.jpeg",
        "creationAt": "2025-02-11T01:39:39.000Z",
        "updatedAt": "2025-02-11T01:39:39.000Z"
    },
    {
        "id": 56,
        "name": "Watch",
        "image": "https://i.imgur.com/QkIa5tT.jpeg",
        "creationAt": "2025-02-11T05:08:16.000Z",
        "updatedAt": "2025-02-11T05:08:16.000Z"
    },
    {
        "id": 57,
        "name": "Watch",
        "image": "https://i.imgur.com/QkIa5tT.jpeg",
        "creationAt": "2025-02-11T05:09:00.000Z",
        "updatedAt": "2025-02-11T05:09:00.000Z"
    },
    {
        "id": 58,
        "name": "Watch",
        "image": "https://i.imgur.com/QkIa5tT.jpeg",
        "creationAt": "2025-02-11T05:21:11.000Z",
        "updatedAt": "2025-02-11T05:21:11.000Z"
    },
    {
        "id": 59,
        "name": "Watch",
        "image": "https://i.imgur.com/QkIa5tT.jpeg",
        "creationAt": "2025-02-11T05:27:30.000Z",
        "updatedAt": "2025-02-11T05:27:30.000Z"
    },
    {
        "id": 60,
        "name": "Test Cat",
        "image": "https://i.imgur.com/QkIa5tT.jpeg",
        "creationAt": "2025-02-11T05:36:47.000Z",
        "updatedAt": "2025-02-11T05:36:47.000Z"
    },
    {
        "id": 61,
        "name": "Test Cat",
        "image": "https://i.imgur.com/QkIa5tT.jpeg",
        "creationAt": "2025-02-11T05:41:21.000Z",
        "updatedAt": "2025-02-11T05:41:21.000Z"
    },
    {
        "id": 62,
        "name": "Test Cat",
        "image": "https://i.imgur.com/QkIa5tT.jpeg",
        "creationAt": "2025-02-11T05:46:23.000Z",
        "updatedAt": "2025-02-11T05:46:23.000Z"
    }
]
[56, 57, 58, 59]
[56, 57, 58, 59]
]]></system-out>
  </testcase>
  <testcase name="Verify Create category" classname="Validating Ecom API;s" time="2.227">
    <system-out><![CDATA[[56, 57, 58, 59]
HTTP/1.1 201 Created
Server: Cowboy
Report-To: {"group":"heroku-nel","max_age":3600,"endpoints":[{"url":"https://nel.heroku.com/reports?ts=1739253052&sid=c46efe9b-d3d2-4a0c-8c76-bfafa16c5add&s=IXX1THXpSlDmxAR3eRy10pjnCvOBK0X%2Fa2cCwk9awjE%3D"}]}
Reporting-Endpoints: heroku-nel=https://nel.heroku.com/reports?ts=1739253052&sid=c46efe9b-d3d2-4a0c-8c76-bfafa16c5add&s=IXX1THXpSlDmxAR3eRy10pjnCvOBK0X%2Fa2cCwk9awjE%3D
Nel: {"report_to":"heroku-nel","max_age":3600,"success_fraction":0.005,"failure_fraction":0.05,"response_headers":["Via"]}
Connection: keep-alive
X-Powered-By: Express
Access-Control-Allow-Origin: *
Content-Type: application/json; charset=utf-8
Content-Length: 149
Etag: W/"95-+D9uR1A9nWpFU+N0gbzMvpfYfY8"
Date: Tue, 11 Feb 2025 05:50:52 GMT
Via: 1.1 vegur

{
    "name": "Test Cat",
    "image": "https://i.imgur.com/QkIa5tT.jpeg",
    "id": 63,
    "creationAt": "2025-02-11T05:50:52.000Z",
    "updatedAt": "2025-02-11T05:50:52.000Z"
}
Test Cat
]]></system-out>
  </testcase>
  <testcase name="Create Product #1" classname="Validating Ecom API;s" time="0.211">
    <system-out><![CDATA[HTTP/1.1 201 Created
Server: Cowboy
Report-To: {"group":"heroku-nel","max_age":3600,"endpoints":[{"url":"https://nel.heroku.com/reports?ts=1739253054&sid=c46efe9b-d3d2-4a0c-8c76-bfafa16c5add&s=4n2kqFVPuuWT1JM1oIwvUWN2%2FWsh5W5nBGm291RRIPk%3D"}]}
Reporting-Endpoints: heroku-nel=https://nel.heroku.com/reports?ts=1739253054&sid=c46efe9b-d3d2-4a0c-8c76-bfafa16c5add&s=4n2kqFVPuuWT1JM1oIwvUWN2%2FWsh5W5nBGm291RRIPk%3D
Nel: {"report_to":"heroku-nel","max_age":3600,"success_fraction":0.005,"failure_fraction":0.05,"response_headers":["Via"]}
Connection: keep-alive
X-Powered-By: Express
Access-Control-Allow-Origin: *
Content-Type: application/json; charset=utf-8
Content-Length: 414
Etag: W/"19e-JoifwjfCid+eH79lHolsPv8Vmcc"
Date: Tue, 11 Feb 2025 05:50:54 GMT
Via: 1.1 vegur

{
    "title": "Product A",
    "price": 23,
    "description": "This is the first product",
    "images": [
        "[\"https://i.imgur.com/yVeIeDa.jpeg\"",
        "\"https://placeimg.com/640/480/any\"]"
    ],
    "category": {
        "id": 63,
        "name": "Test Cat",
        "image": "https://i.imgur.com/QkIa5tT.jpeg",
        "creationAt": "2025-02-11T05:50:52.000Z",
        "updatedAt": "2025-02-11T05:50:52.000Z"
    },
    "id": 151,
    "creationAt": "2025-02-11T05:50:54.000Z",
    "updatedAt": "2025-02-11T05:50:54.000Z"
}
]]></system-out>
  </testcase>
  <testcase name="Create Product #2" classname="Validating Ecom API;s" time="0.173">
    <system-out><![CDATA[HTTP/1.1 201 Created
Server: Cowboy
Report-To: {"group":"heroku-nel","max_age":3600,"endpoints":[{"url":"https://nel.heroku.com/reports?ts=1739253054&sid=c46efe9b-d3d2-4a0c-8c76-bfafa16c5add&s=4n2kqFVPuuWT1JM1oIwvUWN2%2FWsh5W5nBGm291RRIPk%3D"}]}
Reporting-Endpoints: heroku-nel=https://nel.heroku.com/reports?ts=1739253054&sid=c46efe9b-d3d2-4a0c-8c76-bfafa16c5add&s=4n2kqFVPuuWT1JM1oIwvUWN2%2FWsh5W5nBGm291RRIPk%3D
Nel: {"report_to":"heroku-nel","max_age":3600,"success_fraction":0.005,"failure_fraction":0.05,"response_headers":["Via"]}
Connection: keep-alive
X-Powered-By: Express
Access-Control-Allow-Origin: *
Content-Type: application/json; charset=utf-8
Content-Length: 415
Etag: W/"19f-+zLLQ5LJme/jQxFhzRruNb9K+EM"
Date: Tue, 11 Feb 2025 05:50:54 GMT
Via: 1.1 vegur

{
    "title": "Product B",
    "price": 23,
    "description": "This is the second product",
    "images": [
        "[\"https://i.imgur.com/yVeIeDa.jpeg\"",
        "\"https://placeimg.com/640/480/any\"]"
    ],
    "category": {
        "id": 63,
        "name": "Test Cat",
        "image": "https://i.imgur.com/QkIa5tT.jpeg",
        "creationAt": "2025-02-11T05:50:52.000Z",
        "updatedAt": "2025-02-11T05:50:52.000Z"
    },
    "id": 152,
    "creationAt": "2025-02-11T05:50:54.000Z",
    "updatedAt": "2025-02-11T05:50:54.000Z"
}
]]></system-out>
  </testcase>
  <testcase name="Create Product #3" classname="Validating Ecom API;s" time="0.249">
    <system-out><![CDATA[HTTP/1.1 201 Created
Server: Cowboy
Report-To: {"group":"heroku-nel","max_age":3600,"endpoints":[{"url":"https://nel.heroku.com/reports?ts=1739253054&sid=c46efe9b-d3d2-4a0c-8c76-bfafa16c5add&s=4n2kqFVPuuWT1JM1oIwvUWN2%2FWsh5W5nBGm291RRIPk%3D"}]}
Reporting-Endpoints: heroku-nel=https://nel.heroku.com/reports?ts=1739253054&sid=c46efe9b-d3d2-4a0c-8c76-bfafa16c5add&s=4n2kqFVPuuWT1JM1oIwvUWN2%2FWsh5W5nBGm291RRIPk%3D
Nel: {"report_to":"heroku-nel","max_age":3600,"success_fraction":0.005,"failure_fraction":0.05,"response_headers":["Via"]}
Connection: keep-alive
X-Powered-By: Express
Access-Control-Allow-Origin: *
Content-Type: application/json; charset=utf-8
Content-Length: 414
Etag: W/"19e-FivGUINGY0AnKHb7NLlj2VROYYU"
Date: Tue, 11 Feb 2025 05:50:54 GMT
Via: 1.1 vegur

{
    "title": "Product C",
    "price": 23,
    "description": "This is the third product",
    "images": [
        "[\"https://i.imgur.com/yVeIeDa.jpeg\"",
        "\"https://placeimg.com/640/480/any\"]"
    ],
    "category": {
        "id": 63,
        "name": "Test Cat",
        "image": "https://i.imgur.com/QkIa5tT.jpeg",
        "creationAt": "2025-02-11T05:50:52.000Z",
        "updatedAt": "2025-02-11T05:50:52.000Z"
    },
    "id": 153,
    "creationAt": "2025-02-11T05:50:54.000Z",
    "updatedAt": "2025-02-11T05:50:54.000Z"
}
]]></system-out>
  </testcase>
</testsuite>